<?xml version="1.0" encoding="UTF-8"?>
<!-- Generated by org.testng.reporters.JUnitXMLReporter -->
<testsuite ignored="20" hostname="DESKTOP-3IP49U4" failures="0" tests="1" name="Default test" time="13.363" errors="0" timestamp="2023-03-08T20:39:49 IST">
  <testcase classname="seleniumBasicCommands.SeleniumCommands" name="Tc_019_verifyTheMessageDisplayedInNewWindow" time="8.087"/>
  <testcase classname="seleniumBasicCommands.SeleniumCommands" name="TC_009_verifyNewsLetterSubscriptionCssSelector" time="0.0">
    <ignored/>
  </testcase> <!-- TC_009_verifyNewsLetterSubscriptionCssSelector -->
  <testcase classname="seleniumBasicCommands.SeleniumCommands" name="TC_007_verifyEmptyfieldValidation" time="0.0">
    <ignored/>
  </testcase> <!-- TC_007_verifyEmptyfieldValidation -->
  <testcase classname="seleniumBasicCommands.SeleniumCommands" name="TC_016_verifyIsSelected" time="0.0">
    <ignored/>
  </testcase> <!-- TC_016_verifyIsSelected -->
  <testcase classname="seleniumBasicCommands.SeleniumCommands" name="TC_017_verifyIsEnabled" time="0.0">
    <ignored/>
  </testcase> <!-- TC_017_verifyIsEnabled -->
  <testcase classname="seleniumBasicCommands.SeleniumCommands" name="TC_006_verifyNewToursRegistration" time="0.0">
    <ignored/>
  </testcase> <!-- TC_006_verifyNewToursRegistration -->
  <testcase classname="seleniumBasicCommands.SeleniumCommands" name="TC_003_verifyTwoInputFields" time="0.0">
    <ignored/>
  </testcase> <!-- TC_003_verifyTwoInputFields -->
  <testcase classname="seleniumBasicCommands.SeleniumCommands" name="TC_013_verifyForwardandBackward" time="0.0">
    <ignored/>
  </testcase> <!-- TC_013_verifyForwardandBackward -->
  <testcase classname="seleniumBasicCommands.SeleniumCommands" name="TC_009_verifyFormWithValidation" time="0.0">
    <ignored/>
  </testcase> <!-- TC_009_verifyFormWithValidation -->
  <testcase classname="seleniumBasicCommands.SeleniumCommands" name="TC_005_verifyDemoLoginPage" time="0.0">
    <ignored/>
  </testcase> <!-- TC_005_verifyDemoLoginPage -->
  <testcase classname="seleniumBasicCommands.SeleniumCommands" name="TC_014_verifyWebElementCommands" time="0.0">
    <ignored/>
  </testcase> <!-- TC_014_verifyWebElementCommands -->
  <testcase classname="seleniumBasicCommands.SeleniumCommands" name="verifyLocators" time="0.0">
    <ignored/>
  </testcase> <!-- verifyLocators -->
  <testcase classname="seleniumBasicCommands.SeleniumCommands" name="TC_018_verifyTheMessageDisplayedInNewTab" time="0.0">
    <ignored/>
  </testcase> <!-- TC_018_verifyTheMessageDisplayedInNewTab -->
  <testcase classname="seleniumBasicCommands.SeleniumCommands" name="TC_008_verifyEmptyStateAndZipcode" time="0.0">
    <ignored/>
  </testcase> <!-- TC_008_verifyEmptyStateAndZipcode -->
  <testcase classname="seleniumBasicCommands.SeleniumCommands" name="TC_012_verifyNavigateTo" time="0.0">
    <ignored/>
  </testcase> <!-- TC_012_verifyNavigateTo -->
  <testcase classname="seleniumBasicCommands.SeleniumCommands" name="TC_010_verifyQuitandClose" time="0.0">
    <ignored/>
  </testcase> <!-- TC_010_verifyQuitandClose -->
  <testcase classname="seleniumBasicCommands.SeleniumCommands" name="TC_001_verifyObsquraTitle" time="0.0">
    <ignored/>
  </testcase> <!-- TC_001_verifyObsquraTitle -->
  <testcase classname="seleniumBasicCommands.SeleniumCommands" name="TC_011_verify" time="0.0">
    <ignored/>
  </testcase> <!-- TC_011_verify -->
  <testcase classname="seleniumBasicCommands.SeleniumCommands" name="TC_015_verifyDisplayed" time="0.0">
    <ignored/>
  </testcase> <!-- TC_015_verifyDisplayed -->
  <testcase classname="seleniumBasicCommands.SeleniumCommands" name="TC_013_verifyRefresh" time="0.0">
    <ignored/>
  </testcase> <!-- TC_013_verifyRefresh -->
  <testcase classname="seleniumBasicCommands.SeleniumCommands" name="TC_002__VerifySingleInput" time="0.0">
    <ignored/>
  </testcase> <!-- TC_002__VerifySingleInput -->
</testsuite> <!-- Default test -->
