<?xml version="1.0" encoding="UTF-8"?>
<testng-results ignored="20" total="21" passed="1" failed="0" skipped="0">
  <reporter-output>
  </reporter-output>
  <suite started-at="2023-03-08T20:39:36 IST" name="Default suite" finished-at="2023-03-08T20:39:49 IST" duration-ms="13363">
    <groups>
    </groups>
    <test started-at="2023-03-08T20:39:36 IST" name="Default test" finished-at="2023-03-08T20:39:49 IST" duration-ms="13363">
      <class name="seleniumBasicCommands.SeleniumCommands">
        <test-method is-config="true" signature="setUp()[pri:0, instance:seleniumBasicCommands.SeleniumCommands@7e07db1f]" started-at="2023-03-08T20:39:36 IST" name="setUp" finished-at="2023-03-08T20:39:40 IST" duration-ms="4291" status="PASS">
          <reporter-output>
          </reporter-output>
        </test-method> <!-- setUp -->
        <test-method signature="Tc_019_verifyTheMessageDisplayedInNewWindow()[pri:0, instance:seleniumBasicCommands.SeleniumCommands@7e07db1f]" started-at="2023-03-08T20:39:40 IST" name="Tc_019_verifyTheMessageDisplayedInNewWindow" finished-at="2023-03-08T20:39:48 IST" duration-ms="8087" status="PASS">
          <reporter-output>
          </reporter-output>
        </test-method> <!-- Tc_019_verifyTheMessageDisplayedInNewWindow -->
        <test-method is-config="true" signature="tearDown()[pri:0, instance:seleniumBasicCommands.SeleniumCommands@7e07db1f]" started-at="2023-03-08T20:39:49 IST" name="tearDown" finished-at="2023-03-08T20:39:49 IST" duration-ms="901" status="PASS">
          <reporter-output>
          </reporter-output>
        </test-method> <!-- tearDown -->
      </class> <!-- seleniumBasicCommands.SeleniumCommands -->
    </test> <!-- Default test -->
  </suite> <!-- Default suite -->
</testng-results>
