<?xml version="1.0" encoding="UTF-8"?>
<testng-results ignored="33" total="34" passed="1" failed="0" skipped="0">
  <reporter-output>
  </reporter-output>
  <suite started-at="2023-03-15T14:41:05 IST" name="Default suite" finished-at="2023-03-15T14:41:15 IST" duration-ms="9909">
    <groups>
    </groups>
    <test started-at="2023-03-15T14:41:05 IST" name="Default test" finished-at="2023-03-15T14:41:15 IST" duration-ms="9909">
      <class name="seleniumBasicCommands.SeleniumCommands">
        <test-method is-config="true" signature="setUp()[pri:0, instance:seleniumBasicCommands.SeleniumCommands@10e31a9a]" started-at="2023-03-15T14:41:05 IST" name="setUp" finished-at="2023-03-15T14:41:10 IST" duration-ms="4813" status="PASS">
          <reporter-output>
          </reporter-output>
        </test-method> <!-- setUp -->
        <test-method signature="verifyvaluesInDropDown()[pri:0, instance:seleniumBasicCommands.SeleniumCommands@10e31a9a]" started-at="2023-03-15T14:41:10 IST" name="verifyvaluesInDropDown" finished-at="2023-03-15T14:41:15 IST" duration-ms="5015" status="PASS">
          <reporter-output>
          </reporter-output>
        </test-method> <!-- verifyvaluesInDropDown -->
        <test-method is-config="true" signature="tearDown()[pri:0, instance:seleniumBasicCommands.SeleniumCommands@10e31a9a]" started-at="2023-03-15T14:41:15 IST" name="tearDown" finished-at="2023-03-15T14:41:15 IST" duration-ms="9" status="PASS">
          <reporter-output>
          </reporter-output>
        </test-method> <!-- tearDown -->
      </class> <!-- seleniumBasicCommands.SeleniumCommands -->
    </test> <!-- Default test -->
  </suite> <!-- Default suite -->
</testng-results>
